{"/Users/lull/GitHub/quality-control/lw3/shapes/src/js/shapes/circle.js":{"path":"/Users/lull/GitHub/quality-control/lw3/shapes/src/js/shapes/circle.js","s":{"1":1,"2":1,"3":8,"4":6,"5":2,"6":6,"7":4,"8":4,"9":4,"10":1,"11":1,"12":1,"13":6,"14":1,"15":5,"16":1,"17":1,"18":2,"19":1,"20":2,"21":1,"22":0,"23":0,"24":0,"25":0,"26":0,"27":0,"28":0,"29":0,"30":0,"31":0,"32":0,"33":1},"b":{"1":[2,4],"2":[1,5],"3":[6,5,5],"4":[1,4],"5":[5,4,4]},"f":{"1":8,"2":6,"3":2,"4":2,"5":0},"fnMap":{"1":{"name":"Circle","line":5,"loc":{"start":{"line":5,"column":0},"end":{"line":5,"column":47}}},"2":{"name":"(anonymous_2)","line":26,"loc":{"start":{"line":26,"column":34},"end":{"line":26,"column":57}}},"3":{"name":"(anonymous_3)","line":36,"loc":{"start":{"line":36,"column":33},"end":{"line":36,"column":45}}},"4":{"name":"(anonymous_4)","line":40,"loc":{"start":{"line":40,"column":38},"end":{"line":40,"column":50}}},"5":{"name":"(anonymous_5)","line":44,"loc":{"start":{"line":44,"column":24},"end":{"line":44,"column":48}}}},"statementMap":{"1":{"start":{"line":3,"column":0},"end":{"line":3,"column":33}},"2":{"start":{"line":5,"column":0},"end":{"line":21,"column":1}},"3":{"start":{"line":6,"column":4},"end":{"line":6,"column":33}},"4":{"start":{"line":8,"column":4},"end":{"line":14,"column":5}},"5":{"start":{"line":9,"column":8},"end":{"line":13,"column":10}},"6":{"start":{"line":16,"column":4},"end":{"line":16,"column":37}},"7":{"start":{"line":18,"column":4},"end":{"line":18,"column":37}},"8":{"start":{"line":19,"column":4},"end":{"line":19,"column":39}},"9":{"start":{"line":20,"column":4},"end":{"line":20,"column":39}},"10":{"start":{"line":23,"column":0},"end":{"line":23,"column":50}},"11":{"start":{"line":24,"column":0},"end":{"line":24,"column":38}},"12":{"start":{"line":26,"column":0},"end":{"line":34,"column":2}},"13":{"start":{"line":27,"column":4},"end":{"line":30,"column":5}},"14":{"start":{"line":29,"column":8},"end":{"line":29,"column":55}},"15":{"start":{"line":31,"column":4},"end":{"line":33,"column":5}},"16":{"start":{"line":32,"column":8},"end":{"line":32,"column":50}},"17":{"start":{"line":36,"column":0},"end":{"line":38,"column":2}},"18":{"start":{"line":37,"column":4},"end":{"line":37,"column":69}},"19":{"start":{"line":40,"column":0},"end":{"line":42,"column":2}},"20":{"start":{"line":41,"column":4},"end":{"line":41,"column":62}},"21":{"start":{"line":44,"column":0},"end":{"line":58,"column":2}},"22":{"start":{"line":45,"column":4},"end":{"line":45,"column":37}},"23":{"start":{"line":47,"column":4},"end":{"line":47,"column":60}},"24":{"start":{"line":48,"column":4},"end":{"line":48,"column":42}},"25":{"start":{"line":50,"column":4},"end":{"line":50,"column":57}},"26":{"start":{"line":51,"column":4},"end":{"line":51,"column":24}},"27":{"start":{"line":52,"column":4},"end":{"line":52,"column":80}},"28":{"start":{"line":53,"column":4},"end":{"line":53,"column":44}},"29":{"start":{"line":54,"column":4},"end":{"line":54,"column":19}},"30":{"start":{"line":55,"column":4},"end":{"line":55,"column":28}},"31":{"start":{"line":56,"column":4},"end":{"line":56,"column":48}},"32":{"start":{"line":57,"column":4},"end":{"line":57,"column":21}},"33":{"start":{"line":60,"column":0},"end":{"line":60,"column":24}}},"branchMap":{"1":{"line":8,"type":"if","locations":[{"start":{"line":8,"column":4},"end":{"line":8,"column":4}},{"start":{"line":8,"column":4},"end":{"line":8,"column":4}}]},"2":{"line":27,"type":"if","locations":[{"start":{"line":27,"column":4},"end":{"line":27,"column":4}},{"start":{"line":27,"column":4},"end":{"line":27,"column":4}}]},"3":{"line":27,"type":"binary-expr","locations":[{"start":{"line":27,"column":8},"end":{"line":27,"column":45}},{"start":{"line":27,"column":49},"end":{"line":27,"column":87}},{"start":{"line":28,"column":8},"end":{"line":28,"column":46}}]},"4":{"line":31,"type":"if","locations":[{"start":{"line":31,"column":4},"end":{"line":31,"column":4}},{"start":{"line":31,"column":4},"end":{"line":31,"column":4}}]},"5":{"line":31,"type":"binary-expr","locations":[{"start":{"line":31,"column":8},"end":{"line":31,"column":30}},{"start":{"line":31,"column":34},"end":{"line":31,"column":57}},{"start":{"line":31,"column":61},"end":{"line":31,"column":84}}]}}},"/Users/lull/GitHub/quality-control/lw3/shapes/src/js/shapes/shape.js":{"path":"/Users/lull/GitHub/quality-control/lw3/shapes/src/js/shapes/shape.js","s":{"1":1,"2":24,"3":3,"4":24,"5":18,"6":18,"7":1,"8":24,"9":3,"10":21,"11":3,"12":1,"13":39,"14":39,"15":1,"16":18,"17":1,"18":5,"19":1,"20":18,"21":1,"22":5,"23":1},"b":{"1":[3,21],"2":[3,21],"3":[24,21],"4":[3,18],"5":[21,18]},"f":{"1":24,"2":24,"3":39,"4":18,"5":5,"6":18,"7":5},"fnMap":{"1":{"name":"Shape","line":3,"loc":{"start":{"line":3,"column":0},"end":{"line":3,"column":33}}},"2":{"name":"(anonymous_2)","line":16,"loc":{"start":{"line":16,"column":38},"end":{"line":16,"column":66}}},"3":{"name":"(anonymous_3)","line":26,"loc":{"start":{"line":26,"column":32},"end":{"line":26,"column":60}}},"4":{"name":"(anonymous_4)","line":31,"loc":{"start":{"line":31,"column":31},"end":{"line":31,"column":57}}},"5":{"name":"(anonymous_5)","line":35,"loc":{"start":{"line":35,"column":31},"end":{"line":35,"column":43}}},"6":{"name":"(anonymous_6)","line":39,"loc":{"start":{"line":39,"column":33},"end":{"line":39,"column":61}}},"7":{"name":"(anonymous_7)","line":43,"loc":{"start":{"line":43,"column":33},"end":{"line":43,"column":45}}}},"statementMap":{"1":{"start":{"line":3,"column":0},"end":{"line":14,"column":1}},"2":{"start":{"line":4,"column":4},"end":{"line":9,"column":5}},"3":{"start":{"line":5,"column":8},"end":{"line":8,"column":10}},"4":{"start":{"line":11,"column":4},"end":{"line":11,"column":47}},"5":{"start":{"line":12,"column":4},"end":{"line":12,"column":55}},"6":{"start":{"line":13,"column":4},"end":{"line":13,"column":59}},"7":{"start":{"line":16,"column":0},"end":{"line":24,"column":2}},"8":{"start":{"line":17,"column":4},"end":{"line":19,"column":5}},"9":{"start":{"line":18,"column":8},"end":{"line":18,"column":61}},"10":{"start":{"line":21,"column":4},"end":{"line":23,"column":5}},"11":{"start":{"line":22,"column":8},"end":{"line":22,"column":49}},"12":{"start":{"line":26,"column":0},"end":{"line":29,"column":2}},"13":{"start":{"line":27,"column":4},"end":{"line":27,"column":61}},"14":{"start":{"line":28,"column":4},"end":{"line":28,"column":40}},"15":{"start":{"line":31,"column":0},"end":{"line":33,"column":2}},"16":{"start":{"line":32,"column":4},"end":{"line":32,"column":36}},"17":{"start":{"line":35,"column":0},"end":{"line":37,"column":2}},"18":{"start":{"line":36,"column":4},"end":{"line":36,"column":26}},"19":{"start":{"line":39,"column":0},"end":{"line":41,"column":2}},"20":{"start":{"line":40,"column":4},"end":{"line":40,"column":40}},"21":{"start":{"line":43,"column":0},"end":{"line":45,"column":2}},"22":{"start":{"line":44,"column":4},"end":{"line":44,"column":28}},"23":{"start":{"line":47,"column":0},"end":{"line":47,"column":23}}},"branchMap":{"1":{"line":4,"type":"if","locations":[{"start":{"line":4,"column":4},"end":{"line":4,"column":4}},{"start":{"line":4,"column":4},"end":{"line":4,"column":4}}]},"2":{"line":17,"type":"if","locations":[{"start":{"line":17,"column":4},"end":{"line":17,"column":4}},{"start":{"line":17,"column":4},"end":{"line":17,"column":4}}]},"3":{"line":17,"type":"binary-expr","locations":[{"start":{"line":17,"column":8},"end":{"line":17,"column":58}},{"start":{"line":17,"column":62},"end":{"line":17,"column":114}}]},"4":{"line":21,"type":"if","locations":[{"start":{"line":21,"column":4},"end":{"line":21,"column":4}},{"start":{"line":21,"column":4},"end":{"line":21,"column":4}}]},"5":{"line":21,"type":"binary-expr","locations":[{"start":{"line":21,"column":8},"end":{"line":21,"column":60}},{"start":{"line":21,"column":64},"end":{"line":21,"column":118}}]}}},"/Users/lull/GitHub/quality-control/lw3/shapes/src/js/shapes/rectangle.js":{"path":"/Users/lull/GitHub/quality-control/lw3/shapes/src/js/shapes/rectangle.js","s":{"1":1,"2":1,"3":8,"4":6,"5":2,"6":6,"7":4,"8":4,"9":4,"10":4,"11":1,"12":1,"13":1,"14":6,"15":1,"16":5,"17":1,"18":1,"19":6,"20":1,"21":2,"22":2,"23":1,"24":2,"25":2,"26":1,"27":0,"28":0,"29":0,"30":0,"31":0,"32":0,"33":0,"34":0,"35":0,"36":0,"37":0,"38":1},"b":{"1":[2,4],"2":[1,5],"3":[6,5,5,5],"4":[1,4],"5":[5,4,4,4]},"f":{"1":8,"2":6,"3":6,"4":2,"5":2,"6":0},"fnMap":{"1":{"name":"Rectangle","line":5,"loc":{"start":{"line":5,"column":0},"end":{"line":5,"column":50}}},"2":{"name":"(anonymous_2)","line":29,"loc":{"start":{"line":29,"column":37},"end":{"line":29,"column":60}}},"3":{"name":"(anonymous_3)","line":40,"loc":{"start":{"line":40,"column":37},"end":{"line":40,"column":49}}},"4":{"name":"(anonymous_4)","line":44,"loc":{"start":{"line":44,"column":36},"end":{"line":44,"column":48}}},"5":{"name":"(anonymous_5)","line":49,"loc":{"start":{"line":49,"column":41},"end":{"line":49,"column":53}}},"6":{"name":"(anonymous_6)","line":54,"loc":{"start":{"line":54,"column":27},"end":{"line":54,"column":51}}}},"statementMap":{"1":{"start":{"line":3,"column":0},"end":{"line":3,"column":33}},"2":{"start":{"line":5,"column":0},"end":{"line":23,"column":1}},"3":{"start":{"line":6,"column":4},"end":{"line":6,"column":33}},"4":{"start":{"line":8,"column":4},"end":{"line":15,"column":5}},"5":{"start":{"line":9,"column":8},"end":{"line":14,"column":10}},"6":{"start":{"line":17,"column":4},"end":{"line":17,"column":37}},"7":{"start":{"line":19,"column":4},"end":{"line":19,"column":29}},"8":{"start":{"line":20,"column":4},"end":{"line":20,"column":29}},"9":{"start":{"line":21,"column":4},"end":{"line":21,"column":29}},"10":{"start":{"line":22,"column":4},"end":{"line":22,"column":29}},"11":{"start":{"line":25,"column":0},"end":{"line":25,"column":53}},"12":{"start":{"line":26,"column":0},"end":{"line":26,"column":44}},"13":{"start":{"line":29,"column":0},"end":{"line":38,"column":2}},"14":{"start":{"line":30,"column":4},"end":{"line":33,"column":5}},"15":{"start":{"line":32,"column":8},"end":{"line":32,"column":58}},"16":{"start":{"line":34,"column":4},"end":{"line":37,"column":5}},"17":{"start":{"line":36,"column":8},"end":{"line":36,"column":53}},"18":{"start":{"line":40,"column":0},"end":{"line":42,"column":2}},"19":{"start":{"line":41,"column":4},"end":{"line":41,"column":70}},"20":{"start":{"line":44,"column":0},"end":{"line":47,"column":2}},"21":{"start":{"line":45,"column":4},"end":{"line":45,"column":39}},"22":{"start":{"line":46,"column":4},"end":{"line":46,"column":42}},"23":{"start":{"line":49,"column":0},"end":{"line":52,"column":2}},"24":{"start":{"line":50,"column":4},"end":{"line":50,"column":39}},"25":{"start":{"line":51,"column":4},"end":{"line":51,"column":48}},"26":{"start":{"line":54,"column":0},"end":{"line":72,"column":2}},"27":{"start":{"line":56,"column":4},"end":{"line":56,"column":37}},"28":{"start":{"line":58,"column":4},"end":{"line":58,"column":60}},"29":{"start":{"line":59,"column":4},"end":{"line":59,"column":42}},"30":{"start":{"line":61,"column":4},"end":{"line":61,"column":39}},"31":{"start":{"line":63,"column":4},"end":{"line":63,"column":57}},"32":{"start":{"line":65,"column":4},"end":{"line":65,"column":24}},"33":{"start":{"line":66,"column":4},"end":{"line":66,"column":44}},"34":{"start":{"line":67,"column":4},"end":{"line":67,"column":28}},"35":{"start":{"line":68,"column":4},"end":{"line":68,"column":48}},"36":{"start":{"line":70,"column":4},"end":{"line":70,"column":45}},"37":{"start":{"line":71,"column":4},"end":{"line":71,"column":47}},"38":{"start":{"line":74,"column":0},"end":{"line":74,"column":27}}},"branchMap":{"1":{"line":8,"type":"if","locations":[{"start":{"line":8,"column":4},"end":{"line":8,"column":4}},{"start":{"line":8,"column":4},"end":{"line":8,"column":4}}]},"2":{"line":30,"type":"if","locations":[{"start":{"line":30,"column":4},"end":{"line":30,"column":4}},{"start":{"line":30,"column":4},"end":{"line":30,"column":4}}]},"3":{"line":30,"type":"binary-expr","locations":[{"start":{"line":30,"column":8},"end":{"line":30,"column":41}},{"start":{"line":30,"column":45},"end":{"line":30,"column":78}},{"start":{"line":31,"column":8},"end":{"line":31,"column":41}},{"start":{"line":31,"column":45},"end":{"line":31,"column":78}}]},"4":{"line":34,"type":"if","locations":[{"start":{"line":34,"column":4},"end":{"line":34,"column":4}},{"start":{"line":34,"column":4},"end":{"line":34,"column":4}}]},"5":{"line":34,"type":"binary-expr","locations":[{"start":{"line":34,"column":8},"end":{"line":34,"column":26}},{"start":{"line":34,"column":30},"end":{"line":34,"column":48}},{"start":{"line":35,"column":8},"end":{"line":35,"column":26}},{"start":{"line":35,"column":30},"end":{"line":35,"column":48}}]}}},"/Users/lull/GitHub/quality-control/lw3/shapes/src/js/shapes/shapes.spec.js":{"path":"/Users/lull/GitHub/quality-control/lw3/shapes/src/js/shapes/shapes.spec.js","s":{"1":1,"2":1,"3":1,"4":1,"5":1,"6":1,"7":1,"8":1,"9":1,"10":1,"11":1,"12":1,"13":1,"14":1,"15":1,"16":1,"17":1,"18":1,"19":1,"20":1,"21":1,"22":1,"23":1,"24":1,"25":1,"26":1,"27":1,"28":1,"29":1,"30":1,"31":1,"32":1,"33":1,"34":1,"35":1,"36":1,"37":1,"38":1,"39":1,"40":1,"41":1,"42":1,"43":1,"44":1,"45":1,"46":1,"47":1,"48":1,"49":1,"50":1,"51":1,"52":1,"53":1,"54":1,"55":1,"56":1,"57":1,"58":1,"59":1,"60":1,"61":1,"62":1,"63":1,"64":1,"65":1,"66":1,"67":1,"68":1,"69":1,"70":1,"71":1,"72":1,"73":1,"74":1,"75":1,"76":1,"77":1,"78":1,"79":1,"80":1,"81":1,"82":1,"83":1,"84":1,"85":1,"86":1,"87":1,"88":1,"89":1,"90":1,"91":1,"92":1,"93":1,"94":1,"95":1,"96":1,"97":1,"98":1,"99":1,"100":1,"101":1,"102":1,"103":1,"104":1,"105":1,"106":1,"107":1,"108":1,"109":1,"110":1,"111":1,"112":1,"113":1,"114":1,"115":1,"116":1,"117":1,"118":1,"119":1,"120":1,"121":1,"122":1},"b":{},"f":{"1":1,"2":1,"3":1,"4":1,"5":1,"6":1,"7":1,"8":1},"fnMap":{"1":{"name":"(anonymous_1)","line":189,"loc":{"start":{"line":189,"column":29},"end":{"line":189,"column":41}}},"2":{"name":"(anonymous_2)","line":196,"loc":{"start":{"line":196,"column":30},"end":{"line":196,"column":42}}},"3":{"name":"(anonymous_3)","line":201,"loc":{"start":{"line":201,"column":34},"end":{"line":201,"column":46}}},"4":{"name":"(anonymous_4)","line":206,"loc":{"start":{"line":206,"column":29},"end":{"line":206,"column":41}}},"5":{"name":"(anonymous_5)","line":291,"loc":{"start":{"line":291,"column":29},"end":{"line":291,"column":41}}},"6":{"name":"(anonymous_6)","line":298,"loc":{"start":{"line":298,"column":30},"end":{"line":298,"column":42}}},"7":{"name":"(anonymous_7)","line":303,"loc":{"start":{"line":303,"column":34},"end":{"line":303,"column":46}}},"8":{"name":"(anonymous_8)","line":308,"loc":{"start":{"line":308,"column":29},"end":{"line":308,"column":41}}}},"statementMap":{"1":{"start":{"line":3,"column":0},"end":{"line":3,"column":35}},"2":{"start":{"line":4,"column":0},"end":{"line":4,"column":41}},"3":{"start":{"line":5,"column":0},"end":{"line":5,"column":39}},"4":{"start":{"line":7,"column":0},"end":{"line":112,"column":3}},"5":{"start":{"line":9,"column":4},"end":{"line":87,"column":7}},"6":{"start":{"line":11,"column":8},"end":{"line":56,"column":11}},"7":{"start":{"line":13,"column":12},"end":{"line":19,"column":71}},"8":{"start":{"line":14,"column":16},"end":{"line":17,"column":19}},"9":{"start":{"line":21,"column":12},"end":{"line":27,"column":59}},"10":{"start":{"line":22,"column":16},"end":{"line":25,"column":19}},"11":{"start":{"line":29,"column":12},"end":{"line":35,"column":29}},"12":{"start":{"line":30,"column":16},"end":{"line":33,"column":19}},"13":{"start":{"line":37,"column":12},"end":{"line":43,"column":65}},"14":{"start":{"line":38,"column":16},"end":{"line":41,"column":49}},"15":{"start":{"line":45,"column":12},"end":{"line":55,"column":35}},"16":{"start":{"line":46,"column":16},"end":{"line":53,"column":23}},"17":{"start":{"line":58,"column":8},"end":{"line":67,"column":11}},"18":{"start":{"line":60,"column":12},"end":{"line":60,"column":40}},"19":{"start":{"line":62,"column":12},"end":{"line":62,"column":44}},"20":{"start":{"line":63,"column":12},"end":{"line":63,"column":46}},"21":{"start":{"line":64,"column":12},"end":{"line":64,"column":46}},"22":{"start":{"line":65,"column":12},"end":{"line":65,"column":56}},"23":{"start":{"line":66,"column":12},"end":{"line":66,"column":58}},"24":{"start":{"line":69,"column":8},"end":{"line":85,"column":11}},"25":{"start":{"line":71,"column":12},"end":{"line":78,"column":19}},"26":{"start":{"line":80,"column":12},"end":{"line":80,"column":44}},"27":{"start":{"line":81,"column":12},"end":{"line":81,"column":45}},"28":{"start":{"line":82,"column":12},"end":{"line":82,"column":46}},"29":{"start":{"line":83,"column":12},"end":{"line":83,"column":51}},"30":{"start":{"line":84,"column":12},"end":{"line":84,"column":53}},"31":{"start":{"line":89,"column":4},"end":{"line":109,"column":7}},"32":{"start":{"line":91,"column":8},"end":{"line":98,"column":15}},"33":{"start":{"line":100,"column":8},"end":{"line":103,"column":11}},"34":{"start":{"line":101,"column":12},"end":{"line":101,"column":65}},"35":{"start":{"line":102,"column":12},"end":{"line":102,"column":61}},"36":{"start":{"line":105,"column":8},"end":{"line":108,"column":11}},"37":{"start":{"line":106,"column":12},"end":{"line":106,"column":60}},"38":{"start":{"line":107,"column":12},"end":{"line":107,"column":56}},"39":{"start":{"line":115,"column":0},"end":{"line":211,"column":3}},"40":{"start":{"line":117,"column":4},"end":{"line":187,"column":7}},"41":{"start":{"line":119,"column":8},"end":{"line":160,"column":11}},"42":{"start":{"line":121,"column":12},"end":{"line":127,"column":71}},"43":{"start":{"line":122,"column":16},"end":{"line":125,"column":19}},"44":{"start":{"line":129,"column":12},"end":{"line":135,"column":59}},"45":{"start":{"line":130,"column":16},"end":{"line":133,"column":19}},"46":{"start":{"line":137,"column":12},"end":{"line":143,"column":29}},"47":{"start":{"line":138,"column":16},"end":{"line":141,"column":19}},"48":{"start":{"line":145,"column":12},"end":{"line":151,"column":68}},"49":{"start":{"line":146,"column":16},"end":{"line":149,"column":47}},"50":{"start":{"line":153,"column":12},"end":{"line":159,"column":63}},"51":{"start":{"line":154,"column":16},"end":{"line":157,"column":56}},"52":{"start":{"line":162,"column":8},"end":{"line":171,"column":11}},"53":{"start":{"line":164,"column":12},"end":{"line":164,"column":46}},"54":{"start":{"line":165,"column":12},"end":{"line":165,"column":43}},"55":{"start":{"line":166,"column":12},"end":{"line":166,"column":43}},"56":{"start":{"line":167,"column":12},"end":{"line":167,"column":43}},"57":{"start":{"line":168,"column":12},"end":{"line":168,"column":43}},"58":{"start":{"line":169,"column":12},"end":{"line":169,"column":59}},"59":{"start":{"line":170,"column":12},"end":{"line":170,"column":61}},"60":{"start":{"line":173,"column":8},"end":{"line":185,"column":11}},"61":{"start":{"line":175,"column":12},"end":{"line":178,"column":14}},"62":{"start":{"line":179,"column":12},"end":{"line":179,"column":44}},"63":{"start":{"line":180,"column":12},"end":{"line":180,"column":44}},"64":{"start":{"line":181,"column":12},"end":{"line":181,"column":44}},"65":{"start":{"line":182,"column":12},"end":{"line":182,"column":44}},"66":{"start":{"line":183,"column":12},"end":{"line":183,"column":59}},"67":{"start":{"line":184,"column":12},"end":{"line":184,"column":61}},"68":{"start":{"line":189,"column":4},"end":{"line":210,"column":7}},"69":{"start":{"line":191,"column":8},"end":{"line":194,"column":10}},"70":{"start":{"line":196,"column":8},"end":{"line":199,"column":11}},"71":{"start":{"line":197,"column":12},"end":{"line":197,"column":63}},"72":{"start":{"line":198,"column":12},"end":{"line":198,"column":69}},"73":{"start":{"line":201,"column":8},"end":{"line":204,"column":11}},"74":{"start":{"line":202,"column":12},"end":{"line":202,"column":68}},"75":{"start":{"line":203,"column":12},"end":{"line":203,"column":62}},"76":{"start":{"line":206,"column":8},"end":{"line":209,"column":11}},"77":{"start":{"line":207,"column":12},"end":{"line":207,"column":63}},"78":{"start":{"line":208,"column":12},"end":{"line":208,"column":56}},"79":{"start":{"line":213,"column":0},"end":{"line":314,"column":3}},"80":{"start":{"line":215,"column":4},"end":{"line":289,"column":7}},"81":{"start":{"line":217,"column":8},"end":{"line":258,"column":11}},"82":{"start":{"line":219,"column":12},"end":{"line":225,"column":71}},"83":{"start":{"line":220,"column":16},"end":{"line":223,"column":19}},"84":{"start":{"line":227,"column":12},"end":{"line":233,"column":59}},"85":{"start":{"line":228,"column":16},"end":{"line":231,"column":19}},"86":{"start":{"line":235,"column":12},"end":{"line":241,"column":29}},"87":{"start":{"line":236,"column":16},"end":{"line":239,"column":19}},"88":{"start":{"line":243,"column":12},"end":{"line":249,"column":67}},"89":{"start":{"line":244,"column":16},"end":{"line":247,"column":64}},"90":{"start":{"line":251,"column":12},"end":{"line":257,"column":62}},"91":{"start":{"line":252,"column":16},"end":{"line":255,"column":74}},"92":{"start":{"line":260,"column":8},"end":{"line":270,"column":11}},"93":{"start":{"line":261,"column":11},"end":{"line":261,"column":43}},"94":{"start":{"line":262,"column":12},"end":{"line":262,"column":42}},"95":{"start":{"line":263,"column":12},"end":{"line":263,"column":42}},"96":{"start":{"line":264,"column":12},"end":{"line":264,"column":42}},"97":{"start":{"line":265,"column":12},"end":{"line":265,"column":42}},"98":{"start":{"line":266,"column":12},"end":{"line":266,"column":42}},"99":{"start":{"line":267,"column":12},"end":{"line":267,"column":42}},"100":{"start":{"line":268,"column":12},"end":{"line":268,"column":58}},"101":{"start":{"line":269,"column":12},"end":{"line":269,"column":60}},"102":{"start":{"line":272,"column":8},"end":{"line":287,"column":11}},"103":{"start":{"line":274,"column":12},"end":{"line":277,"column":14}},"104":{"start":{"line":279,"column":12},"end":{"line":279,"column":43}},"105":{"start":{"line":280,"column":12},"end":{"line":280,"column":43}},"106":{"start":{"line":281,"column":12},"end":{"line":281,"column":43}},"107":{"start":{"line":282,"column":12},"end":{"line":282,"column":43}},"108":{"start":{"line":283,"column":12},"end":{"line":283,"column":43}},"109":{"start":{"line":284,"column":12},"end":{"line":284,"column":43}},"110":{"start":{"line":285,"column":12},"end":{"line":285,"column":58}},"111":{"start":{"line":286,"column":12},"end":{"line":286,"column":60}},"112":{"start":{"line":291,"column":4},"end":{"line":312,"column":7}},"113":{"start":{"line":293,"column":8},"end":{"line":296,"column":63}},"114":{"start":{"line":298,"column":8},"end":{"line":301,"column":11}},"115":{"start":{"line":299,"column":12},"end":{"line":299,"column":62}},"116":{"start":{"line":300,"column":12},"end":{"line":300,"column":117}},"117":{"start":{"line":303,"column":8},"end":{"line":306,"column":11}},"118":{"start":{"line":304,"column":12},"end":{"line":304,"column":67}},"119":{"start":{"line":305,"column":12},"end":{"line":305,"column":63}},"120":{"start":{"line":308,"column":8},"end":{"line":311,"column":11}},"121":{"start":{"line":309,"column":12},"end":{"line":309,"column":62}},"122":{"start":{"line":310,"column":12},"end":{"line":310,"column":58}}},"branchMap":{}},"/Users/lull/GitHub/quality-control/lw3/shapes/src/js/shapes/triangle.js":{"path":"/Users/lull/GitHub/quality-control/lw3/shapes/src/js/shapes/triangle.js","s":{"1":1,"2":1,"3":8,"4":6,"5":2,"6":6,"7":4,"8":4,"9":4,"10":4,"11":4,"12":4,"13":1,"14":1,"15":1,"16":6,"17":1,"18":5,"19":1,"20":1,"21":8,"22":1,"23":2,"24":2,"25":2,"26":1,"27":4,"28":4,"29":1,"30":0,"31":0,"32":0,"33":0,"34":0,"35":0,"36":0,"37":0,"38":0,"39":0,"40":0,"41":0,"42":0,"43":0,"44":1},"b":{"1":[2,4],"2":[1,5],"3":[6,5,5,5,5,5],"4":[1,4],"5":[5,4,4,4,4,4]},"f":{"1":8,"2":6,"3":8,"4":2,"5":4,"6":0},"fnMap":{"1":{"name":"Triangle","line":5,"loc":{"start":{"line":5,"column":0},"end":{"line":5,"column":49}}},"2":{"name":"(anonymous_2)","line":33,"loc":{"start":{"line":33,"column":36},"end":{"line":33,"column":59}}},"3":{"name":"(anonymous_3)","line":47,"loc":{"start":{"line":47,"column":36},"end":{"line":47,"column":48}}},"4":{"name":"(anonymous_4)","line":55,"loc":{"start":{"line":55,"column":35},"end":{"line":55,"column":47}}},"5":{"name":"(anonymous_5)","line":61,"loc":{"start":{"line":61,"column":40},"end":{"line":61,"column":52}}},"6":{"name":"(anonymous_6)","line":66,"loc":{"start":{"line":66,"column":26},"end":{"line":66,"column":50}}}},"statementMap":{"1":{"start":{"line":3,"column":0},"end":{"line":3,"column":33}},"2":{"start":{"line":5,"column":0},"end":{"line":27,"column":1}},"3":{"start":{"line":6,"column":4},"end":{"line":6,"column":33}},"4":{"start":{"line":8,"column":4},"end":{"line":17,"column":5}},"5":{"start":{"line":9,"column":8},"end":{"line":16,"column":10}},"6":{"start":{"line":19,"column":4},"end":{"line":19,"column":37}},"7":{"start":{"line":21,"column":4},"end":{"line":21,"column":29}},"8":{"start":{"line":22,"column":4},"end":{"line":22,"column":29}},"9":{"start":{"line":23,"column":4},"end":{"line":23,"column":29}},"10":{"start":{"line":24,"column":4},"end":{"line":24,"column":29}},"11":{"start":{"line":25,"column":4},"end":{"line":25,"column":29}},"12":{"start":{"line":26,"column":4},"end":{"line":26,"column":29}},"13":{"start":{"line":29,"column":0},"end":{"line":29,"column":52}},"14":{"start":{"line":30,"column":0},"end":{"line":30,"column":42}},"15":{"start":{"line":33,"column":0},"end":{"line":45,"column":2}},"16":{"start":{"line":34,"column":4},"end":{"line":38,"column":5}},"17":{"start":{"line":37,"column":8},"end":{"line":37,"column":57}},"18":{"start":{"line":40,"column":4},"end":{"line":44,"column":5}},"19":{"start":{"line":43,"column":8},"end":{"line":43,"column":52}},"20":{"start":{"line":47,"column":0},"end":{"line":53,"column":2}},"21":{"start":{"line":48,"column":4},"end":{"line":52,"column":6}},"22":{"start":{"line":55,"column":0},"end":{"line":59,"column":2}},"23":{"start":{"line":56,"column":4},"end":{"line":56,"column":42}},"24":{"start":{"line":57,"column":4},"end":{"line":57,"column":46}},"25":{"start":{"line":58,"column":4},"end":{"line":58,"column":111}},"26":{"start":{"line":61,"column":0},"end":{"line":64,"column":2}},"27":{"start":{"line":62,"column":4},"end":{"line":62,"column":42}},"28":{"start":{"line":63,"column":4},"end":{"line":63,"column":52}},"29":{"start":{"line":66,"column":0},"end":{"line":87,"column":2}},"30":{"start":{"line":68,"column":4},"end":{"line":68,"column":37}},"31":{"start":{"line":70,"column":4},"end":{"line":70,"column":60}},"32":{"start":{"line":71,"column":4},"end":{"line":71,"column":42}},"33":{"start":{"line":73,"column":4},"end":{"line":73,"column":57}},"34":{"start":{"line":75,"column":4},"end":{"line":75,"column":24}},"35":{"start":{"line":76,"column":4},"end":{"line":76,"column":37}},"36":{"start":{"line":77,"column":4},"end":{"line":77,"column":37}},"37":{"start":{"line":78,"column":4},"end":{"line":78,"column":37}},"38":{"start":{"line":79,"column":4},"end":{"line":79,"column":24}},"39":{"start":{"line":81,"column":4},"end":{"line":81,"column":26}},"40":{"start":{"line":82,"column":4},"end":{"line":82,"column":48}},"41":{"start":{"line":83,"column":4},"end":{"line":83,"column":21}},"42":{"start":{"line":85,"column":4},"end":{"line":85,"column":44}},"43":{"start":{"line":86,"column":4},"end":{"line":86,"column":19}},"44":{"start":{"line":89,"column":0},"end":{"line":89,"column":26}}},"branchMap":{"1":{"line":8,"type":"if","locations":[{"start":{"line":8,"column":4},"end":{"line":8,"column":4}},{"start":{"line":8,"column":4},"end":{"line":8,"column":4}}]},"2":{"line":34,"type":"if","locations":[{"start":{"line":34,"column":4},"end":{"line":34,"column":4}},{"start":{"line":34,"column":4},"end":{"line":34,"column":4}}]},"3":{"line":34,"type":"binary-expr","locations":[{"start":{"line":34,"column":8},"end":{"line":34,"column":41}},{"start":{"line":34,"column":45},"end":{"line":34,"column":78}},{"start":{"line":35,"column":8},"end":{"line":35,"column":41}},{"start":{"line":35,"column":45},"end":{"line":35,"column":78}},{"start":{"line":36,"column":8},"end":{"line":36,"column":41}},{"start":{"line":36,"column":45},"end":{"line":36,"column":78}}]},"4":{"line":40,"type":"if","locations":[{"start":{"line":40,"column":4},"end":{"line":40,"column":4}},{"start":{"line":40,"column":4},"end":{"line":40,"column":4}}]},"5":{"line":40,"type":"binary-expr","locations":[{"start":{"line":40,"column":8},"end":{"line":40,"column":26}},{"start":{"line":40,"column":30},"end":{"line":40,"column":48}},{"start":{"line":41,"column":8},"end":{"line":41,"column":26}},{"start":{"line":41,"column":30},"end":{"line":41,"column":48}},{"start":{"line":42,"column":8},"end":{"line":42,"column":26}},{"start":{"line":42,"column":30},"end":{"line":42,"column":48}}]}}}}