{"/Users/lull/GitHub/quality-control/lw3/shapes/src/js/shapes/circle.js":{"path":"/Users/lull/GitHub/quality-control/lw3/shapes/src/js/shapes/circle.js","s":{"1":1,"2":1,"3":7,"4":5,"5":2,"6":5,"7":4,"8":4,"9":4,"10":1,"11":1,"12":1,"13":5,"14":1,"15":1,"16":2,"17":1,"18":2,"19":1,"20":0,"21":0,"22":0,"23":0,"24":0,"25":0,"26":0,"27":0,"28":0,"29":0,"30":0,"31":1},"b":{"1":[2,3],"2":[1,4],"3":[5,4,4]},"f":{"1":7,"2":5,"3":2,"4":2,"5":0},"fnMap":{"1":{"name":"Circle","line":5,"loc":{"start":{"line":5,"column":0},"end":{"line":5,"column":47}}},"2":{"name":"(anonymous_2)","line":26,"loc":{"start":{"line":26,"column":34},"end":{"line":26,"column":57}}},"3":{"name":"(anonymous_3)","line":32,"loc":{"start":{"line":32,"column":33},"end":{"line":32,"column":45}}},"4":{"name":"(anonymous_4)","line":36,"loc":{"start":{"line":36,"column":38},"end":{"line":36,"column":50}}},"5":{"name":"(anonymous_5)","line":40,"loc":{"start":{"line":40,"column":24},"end":{"line":40,"column":48}}}},"statementMap":{"1":{"start":{"line":3,"column":0},"end":{"line":3,"column":33}},"2":{"start":{"line":5,"column":0},"end":{"line":21,"column":1}},"3":{"start":{"line":6,"column":4},"end":{"line":6,"column":33}},"4":{"start":{"line":8,"column":4},"end":{"line":14,"column":5}},"5":{"start":{"line":9,"column":8},"end":{"line":13,"column":10}},"6":{"start":{"line":16,"column":4},"end":{"line":16,"column":37}},"7":{"start":{"line":18,"column":4},"end":{"line":18,"column":37}},"8":{"start":{"line":19,"column":4},"end":{"line":19,"column":39}},"9":{"start":{"line":20,"column":4},"end":{"line":20,"column":39}},"10":{"start":{"line":23,"column":0},"end":{"line":23,"column":50}},"11":{"start":{"line":24,"column":0},"end":{"line":24,"column":38}},"12":{"start":{"line":26,"column":0},"end":{"line":30,"column":2}},"13":{"start":{"line":27,"column":4},"end":{"line":29,"column":5}},"14":{"start":{"line":28,"column":8},"end":{"line":28,"column":50}},"15":{"start":{"line":32,"column":0},"end":{"line":34,"column":2}},"16":{"start":{"line":33,"column":4},"end":{"line":33,"column":69}},"17":{"start":{"line":36,"column":0},"end":{"line":38,"column":2}},"18":{"start":{"line":37,"column":4},"end":{"line":37,"column":62}},"19":{"start":{"line":40,"column":0},"end":{"line":54,"column":2}},"20":{"start":{"line":41,"column":4},"end":{"line":41,"column":37}},"21":{"start":{"line":43,"column":4},"end":{"line":43,"column":60}},"22":{"start":{"line":44,"column":4},"end":{"line":44,"column":42}},"23":{"start":{"line":46,"column":4},"end":{"line":46,"column":57}},"24":{"start":{"line":47,"column":4},"end":{"line":47,"column":24}},"25":{"start":{"line":48,"column":4},"end":{"line":48,"column":80}},"26":{"start":{"line":49,"column":4},"end":{"line":49,"column":44}},"27":{"start":{"line":50,"column":4},"end":{"line":50,"column":19}},"28":{"start":{"line":51,"column":4},"end":{"line":51,"column":28}},"29":{"start":{"line":52,"column":4},"end":{"line":52,"column":48}},"30":{"start":{"line":53,"column":4},"end":{"line":53,"column":21}},"31":{"start":{"line":56,"column":0},"end":{"line":56,"column":24}}},"branchMap":{"1":{"line":8,"type":"if","locations":[{"start":{"line":8,"column":4},"end":{"line":8,"column":4}},{"start":{"line":8,"column":4},"end":{"line":8,"column":4}}]},"2":{"line":27,"type":"if","locations":[{"start":{"line":27,"column":4},"end":{"line":27,"column":4}},{"start":{"line":27,"column":4},"end":{"line":27,"column":4}}]},"3":{"line":27,"type":"binary-expr","locations":[{"start":{"line":27,"column":8},"end":{"line":27,"column":30}},{"start":{"line":27,"column":34},"end":{"line":27,"column":57}},{"start":{"line":27,"column":61},"end":{"line":27,"column":84}}]}}},"/Users/lull/GitHub/quality-control/lw3/shapes/src/js/shapes/shape.js":{"path":"/Users/lull/GitHub/quality-control/lw3/shapes/src/js/shapes/shape.js","s":{"1":1,"2":7,"3":1,"4":7,"5":5,"6":5,"7":1,"8":7,"9":1,"10":6,"11":1,"12":1,"13":11,"14":11,"15":1,"16":5,"17":1,"18":1,"19":1,"20":5,"21":1,"22":1,"23":1},"b":{"1":[1,6],"2":[1,6],"3":[7,6],"4":[1,5],"5":[6,5]},"f":{"1":7,"2":7,"3":11,"4":5,"5":1,"6":5,"7":1},"fnMap":{"1":{"name":"Shape","line":3,"loc":{"start":{"line":3,"column":0},"end":{"line":3,"column":33}}},"2":{"name":"(anonymous_2)","line":16,"loc":{"start":{"line":16,"column":38},"end":{"line":16,"column":66}}},"3":{"name":"(anonymous_3)","line":26,"loc":{"start":{"line":26,"column":32},"end":{"line":26,"column":60}}},"4":{"name":"(anonymous_4)","line":31,"loc":{"start":{"line":31,"column":31},"end":{"line":31,"column":57}}},"5":{"name":"(anonymous_5)","line":35,"loc":{"start":{"line":35,"column":31},"end":{"line":35,"column":43}}},"6":{"name":"(anonymous_6)","line":39,"loc":{"start":{"line":39,"column":33},"end":{"line":39,"column":61}}},"7":{"name":"(anonymous_7)","line":43,"loc":{"start":{"line":43,"column":33},"end":{"line":43,"column":45}}}},"statementMap":{"1":{"start":{"line":3,"column":0},"end":{"line":14,"column":1}},"2":{"start":{"line":4,"column":4},"end":{"line":9,"column":5}},"3":{"start":{"line":5,"column":8},"end":{"line":8,"column":10}},"4":{"start":{"line":11,"column":4},"end":{"line":11,"column":47}},"5":{"start":{"line":12,"column":4},"end":{"line":12,"column":55}},"6":{"start":{"line":13,"column":4},"end":{"line":13,"column":59}},"7":{"start":{"line":16,"column":0},"end":{"line":24,"column":2}},"8":{"start":{"line":17,"column":4},"end":{"line":19,"column":5}},"9":{"start":{"line":18,"column":8},"end":{"line":18,"column":61}},"10":{"start":{"line":21,"column":4},"end":{"line":23,"column":5}},"11":{"start":{"line":22,"column":8},"end":{"line":22,"column":49}},"12":{"start":{"line":26,"column":0},"end":{"line":29,"column":2}},"13":{"start":{"line":27,"column":4},"end":{"line":27,"column":61}},"14":{"start":{"line":28,"column":4},"end":{"line":28,"column":40}},"15":{"start":{"line":31,"column":0},"end":{"line":33,"column":2}},"16":{"start":{"line":32,"column":4},"end":{"line":32,"column":36}},"17":{"start":{"line":35,"column":0},"end":{"line":37,"column":2}},"18":{"start":{"line":36,"column":4},"end":{"line":36,"column":26}},"19":{"start":{"line":39,"column":0},"end":{"line":41,"column":2}},"20":{"start":{"line":40,"column":4},"end":{"line":40,"column":40}},"21":{"start":{"line":43,"column":0},"end":{"line":45,"column":2}},"22":{"start":{"line":44,"column":4},"end":{"line":44,"column":28}},"23":{"start":{"line":47,"column":0},"end":{"line":47,"column":23}}},"branchMap":{"1":{"line":4,"type":"if","locations":[{"start":{"line":4,"column":4},"end":{"line":4,"column":4}},{"start":{"line":4,"column":4},"end":{"line":4,"column":4}}]},"2":{"line":17,"type":"if","locations":[{"start":{"line":17,"column":4},"end":{"line":17,"column":4}},{"start":{"line":17,"column":4},"end":{"line":17,"column":4}}]},"3":{"line":17,"type":"binary-expr","locations":[{"start":{"line":17,"column":8},"end":{"line":17,"column":58}},{"start":{"line":17,"column":62},"end":{"line":17,"column":114}}]},"4":{"line":21,"type":"if","locations":[{"start":{"line":21,"column":4},"end":{"line":21,"column":4}},{"start":{"line":21,"column":4},"end":{"line":21,"column":4}}]},"5":{"line":21,"type":"binary-expr","locations":[{"start":{"line":21,"column":8},"end":{"line":21,"column":60}},{"start":{"line":21,"column":64},"end":{"line":21,"column":118}}]}}},"/Users/lull/GitHub/quality-control/lw3/shapes/src/js/shapes/rectangle.js":{"path":"/Users/lull/GitHub/quality-control/lw3/shapes/src/js/shapes/rectangle.js","s":{"1":1,"2":1,"3":0,"4":0,"5":0,"6":0,"7":0,"8":0,"9":0,"10":0,"11":1,"12":1,"13":1,"14":0,"15":0,"16":0,"17":0,"18":1,"19":0,"20":1,"21":0,"22":0,"23":1,"24":0,"25":0,"26":1,"27":0,"28":0,"29":0,"30":0,"31":0,"32":0,"33":0,"34":0,"35":0,"36":0,"37":0,"38":1},"b":{"1":[0,0],"2":[0,0],"3":[0,0,0,0],"4":[0,0],"5":[0,0,0,0]},"f":{"1":0,"2":0,"3":0,"4":0,"5":0,"6":0},"fnMap":{"1":{"name":"Rectangle","line":5,"loc":{"start":{"line":5,"column":0},"end":{"line":5,"column":50}}},"2":{"name":"(anonymous_2)","line":29,"loc":{"start":{"line":29,"column":37},"end":{"line":29,"column":60}}},"3":{"name":"(anonymous_3)","line":41,"loc":{"start":{"line":41,"column":37},"end":{"line":41,"column":49}}},"4":{"name":"(anonymous_4)","line":45,"loc":{"start":{"line":45,"column":36},"end":{"line":45,"column":48}}},"5":{"name":"(anonymous_5)","line":50,"loc":{"start":{"line":50,"column":41},"end":{"line":50,"column":53}}},"6":{"name":"(anonymous_6)","line":55,"loc":{"start":{"line":55,"column":27},"end":{"line":55,"column":51}}}},"statementMap":{"1":{"start":{"line":3,"column":0},"end":{"line":3,"column":33}},"2":{"start":{"line":5,"column":0},"end":{"line":23,"column":1}},"3":{"start":{"line":6,"column":4},"end":{"line":6,"column":33}},"4":{"start":{"line":8,"column":4},"end":{"line":15,"column":5}},"5":{"start":{"line":9,"column":8},"end":{"line":14,"column":10}},"6":{"start":{"line":17,"column":4},"end":{"line":17,"column":37}},"7":{"start":{"line":19,"column":4},"end":{"line":19,"column":29}},"8":{"start":{"line":20,"column":4},"end":{"line":20,"column":29}},"9":{"start":{"line":21,"column":4},"end":{"line":21,"column":29}},"10":{"start":{"line":22,"column":4},"end":{"line":22,"column":29}},"11":{"start":{"line":25,"column":0},"end":{"line":25,"column":53}},"12":{"start":{"line":26,"column":0},"end":{"line":26,"column":44}},"13":{"start":{"line":29,"column":0},"end":{"line":39,"column":2}},"14":{"start":{"line":30,"column":4},"end":{"line":33,"column":5}},"15":{"start":{"line":32,"column":8},"end":{"line":32,"column":58}},"16":{"start":{"line":35,"column":4},"end":{"line":38,"column":5}},"17":{"start":{"line":37,"column":8},"end":{"line":37,"column":53}},"18":{"start":{"line":41,"column":0},"end":{"line":43,"column":2}},"19":{"start":{"line":42,"column":4},"end":{"line":42,"column":70}},"20":{"start":{"line":45,"column":0},"end":{"line":48,"column":2}},"21":{"start":{"line":46,"column":4},"end":{"line":46,"column":39}},"22":{"start":{"line":47,"column":4},"end":{"line":47,"column":42}},"23":{"start":{"line":50,"column":0},"end":{"line":53,"column":2}},"24":{"start":{"line":51,"column":4},"end":{"line":51,"column":39}},"25":{"start":{"line":52,"column":4},"end":{"line":52,"column":48}},"26":{"start":{"line":55,"column":0},"end":{"line":73,"column":2}},"27":{"start":{"line":57,"column":4},"end":{"line":57,"column":37}},"28":{"start":{"line":59,"column":4},"end":{"line":59,"column":60}},"29":{"start":{"line":60,"column":4},"end":{"line":60,"column":42}},"30":{"start":{"line":62,"column":4},"end":{"line":62,"column":39}},"31":{"start":{"line":64,"column":4},"end":{"line":64,"column":57}},"32":{"start":{"line":66,"column":4},"end":{"line":66,"column":24}},"33":{"start":{"line":67,"column":4},"end":{"line":67,"column":44}},"34":{"start":{"line":68,"column":4},"end":{"line":68,"column":28}},"35":{"start":{"line":69,"column":4},"end":{"line":69,"column":48}},"36":{"start":{"line":71,"column":4},"end":{"line":71,"column":45}},"37":{"start":{"line":72,"column":4},"end":{"line":72,"column":47}},"38":{"start":{"line":75,"column":0},"end":{"line":75,"column":27}}},"branchMap":{"1":{"line":8,"type":"if","locations":[{"start":{"line":8,"column":4},"end":{"line":8,"column":4}},{"start":{"line":8,"column":4},"end":{"line":8,"column":4}}]},"2":{"line":30,"type":"if","locations":[{"start":{"line":30,"column":4},"end":{"line":30,"column":4}},{"start":{"line":30,"column":4},"end":{"line":30,"column":4}}]},"3":{"line":30,"type":"binary-expr","locations":[{"start":{"line":30,"column":8},"end":{"line":30,"column":41}},{"start":{"line":30,"column":45},"end":{"line":30,"column":78}},{"start":{"line":31,"column":8},"end":{"line":31,"column":41}},{"start":{"line":31,"column":45},"end":{"line":31,"column":78}}]},"4":{"line":35,"type":"if","locations":[{"start":{"line":35,"column":4},"end":{"line":35,"column":4}},{"start":{"line":35,"column":4},"end":{"line":35,"column":4}}]},"5":{"line":35,"type":"binary-expr","locations":[{"start":{"line":35,"column":8},"end":{"line":35,"column":26}},{"start":{"line":35,"column":30},"end":{"line":35,"column":48}},{"start":{"line":36,"column":8},"end":{"line":36,"column":26}},{"start":{"line":36,"column":30},"end":{"line":36,"column":48}}]}}},"/Users/lull/GitHub/quality-control/lw3/shapes/src/js/shapes/shapes.spec.js":{"path":"/Users/lull/GitHub/quality-control/lw3/shapes/src/js/shapes/shapes.spec.js","s":{"1":1,"2":1,"3":1,"4":1,"5":1,"6":1,"7":1,"8":1,"9":1,"10":1,"11":1,"12":1,"13":1,"14":1,"15":1,"16":1,"17":1,"18":1,"19":1,"20":1,"21":1,"22":1,"23":1,"24":1,"25":1,"26":1,"27":1,"28":1,"29":1,"30":1,"31":1,"32":1,"33":1,"34":1},"b":{},"f":{},"fnMap":{},"statementMap":{"1":{"start":{"line":3,"column":0},"end":{"line":3,"column":35}},"2":{"start":{"line":10,"column":0},"end":{"line":107,"column":3}},"3":{"start":{"line":12,"column":2},"end":{"line":82,"column":5}},"4":{"start":{"line":14,"column":4},"end":{"line":51,"column":7}},"5":{"start":{"line":16,"column":6},"end":{"line":22,"column":65}},"6":{"start":{"line":17,"column":10},"end":{"line":20,"column":13}},"7":{"start":{"line":24,"column":6},"end":{"line":30,"column":53}},"8":{"start":{"line":25,"column":10},"end":{"line":28,"column":13}},"9":{"start":{"line":32,"column":6},"end":{"line":38,"column":23}},"10":{"start":{"line":33,"column":10},"end":{"line":36,"column":13}},"11":{"start":{"line":40,"column":6},"end":{"line":50,"column":29}},"12":{"start":{"line":41,"column":10},"end":{"line":48,"column":13}},"13":{"start":{"line":53,"column":4},"end":{"line":62,"column":7}},"14":{"start":{"line":55,"column":6},"end":{"line":55,"column":34}},"15":{"start":{"line":57,"column":6},"end":{"line":57,"column":38}},"16":{"start":{"line":58,"column":6},"end":{"line":58,"column":40}},"17":{"start":{"line":59,"column":6},"end":{"line":59,"column":40}},"18":{"start":{"line":60,"column":6},"end":{"line":60,"column":50}},"19":{"start":{"line":61,"column":6},"end":{"line":61,"column":52}},"20":{"start":{"line":64,"column":4},"end":{"line":80,"column":7}},"21":{"start":{"line":66,"column":6},"end":{"line":73,"column":9}},"22":{"start":{"line":75,"column":6},"end":{"line":75,"column":38}},"23":{"start":{"line":76,"column":6},"end":{"line":76,"column":39}},"24":{"start":{"line":77,"column":6},"end":{"line":77,"column":40}},"25":{"start":{"line":78,"column":6},"end":{"line":78,"column":45}},"26":{"start":{"line":79,"column":6},"end":{"line":79,"column":47}},"27":{"start":{"line":84,"column":2},"end":{"line":104,"column":5}},"28":{"start":{"line":86,"column":4},"end":{"line":93,"column":7}},"29":{"start":{"line":95,"column":4},"end":{"line":98,"column":7}},"30":{"start":{"line":96,"column":6},"end":{"line":96,"column":59}},"31":{"start":{"line":97,"column":6},"end":{"line":97,"column":55}},"32":{"start":{"line":100,"column":4},"end":{"line":103,"column":7}},"33":{"start":{"line":101,"column":6},"end":{"line":101,"column":54}},"34":{"start":{"line":102,"column":6},"end":{"line":102,"column":50}}},"branchMap":{}},"/Users/lull/GitHub/quality-control/lw3/shapes/src/js/shapes/triangle.js":{"path":"/Users/lull/GitHub/quality-control/lw3/shapes/src/js/shapes/triangle.js","s":{"1":1,"2":1,"3":0,"4":0,"5":0,"6":0,"7":0,"8":0,"9":0,"10":0,"11":0,"12":0,"13":1,"14":1,"15":1,"16":0,"17":0,"18":0,"19":0,"20":1,"21":0,"22":1,"23":0,"24":0,"25":0,"26":1,"27":0,"28":0,"29":1,"30":0,"31":0,"32":0,"33":0,"34":0,"35":0,"36":0,"37":0,"38":0,"39":0,"40":0,"41":0,"42":0,"43":0,"44":1},"b":{"1":[0,0],"2":[0,0],"3":[0,0,0,0,0,0],"4":[0,0],"5":[0,0,0,0,0,0]},"f":{"1":0,"2":0,"3":0,"4":0,"5":0,"6":0},"fnMap":{"1":{"name":"Triangle","line":5,"loc":{"start":{"line":5,"column":0},"end":{"line":5,"column":49}}},"2":{"name":"(anonymous_2)","line":33,"loc":{"start":{"line":33,"column":36},"end":{"line":33,"column":59}}},"3":{"name":"(anonymous_3)","line":47,"loc":{"start":{"line":47,"column":36},"end":{"line":47,"column":48}}},"4":{"name":"(anonymous_4)","line":55,"loc":{"start":{"line":55,"column":35},"end":{"line":55,"column":47}}},"5":{"name":"(anonymous_5)","line":61,"loc":{"start":{"line":61,"column":40},"end":{"line":61,"column":52}}},"6":{"name":"(anonymous_6)","line":66,"loc":{"start":{"line":66,"column":26},"end":{"line":66,"column":50}}}},"statementMap":{"1":{"start":{"line":3,"column":0},"end":{"line":3,"column":33}},"2":{"start":{"line":5,"column":0},"end":{"line":27,"column":1}},"3":{"start":{"line":6,"column":4},"end":{"line":6,"column":33}},"4":{"start":{"line":8,"column":4},"end":{"line":17,"column":5}},"5":{"start":{"line":9,"column":8},"end":{"line":16,"column":10}},"6":{"start":{"line":19,"column":4},"end":{"line":19,"column":37}},"7":{"start":{"line":21,"column":4},"end":{"line":21,"column":29}},"8":{"start":{"line":22,"column":4},"end":{"line":22,"column":29}},"9":{"start":{"line":23,"column":4},"end":{"line":23,"column":29}},"10":{"start":{"line":24,"column":4},"end":{"line":24,"column":29}},"11":{"start":{"line":25,"column":4},"end":{"line":25,"column":29}},"12":{"start":{"line":26,"column":4},"end":{"line":26,"column":29}},"13":{"start":{"line":29,"column":0},"end":{"line":29,"column":52}},"14":{"start":{"line":30,"column":0},"end":{"line":30,"column":42}},"15":{"start":{"line":33,"column":0},"end":{"line":45,"column":2}},"16":{"start":{"line":34,"column":4},"end":{"line":38,"column":5}},"17":{"start":{"line":37,"column":8},"end":{"line":37,"column":57}},"18":{"start":{"line":40,"column":4},"end":{"line":44,"column":5}},"19":{"start":{"line":43,"column":8},"end":{"line":43,"column":52}},"20":{"start":{"line":47,"column":0},"end":{"line":53,"column":2}},"21":{"start":{"line":48,"column":4},"end":{"line":52,"column":6}},"22":{"start":{"line":55,"column":0},"end":{"line":59,"column":2}},"23":{"start":{"line":56,"column":4},"end":{"line":56,"column":42}},"24":{"start":{"line":57,"column":4},"end":{"line":57,"column":46}},"25":{"start":{"line":58,"column":4},"end":{"line":58,"column":111}},"26":{"start":{"line":61,"column":0},"end":{"line":64,"column":2}},"27":{"start":{"line":62,"column":4},"end":{"line":62,"column":42}},"28":{"start":{"line":63,"column":4},"end":{"line":63,"column":52}},"29":{"start":{"line":66,"column":0},"end":{"line":87,"column":2}},"30":{"start":{"line":68,"column":4},"end":{"line":68,"column":37}},"31":{"start":{"line":70,"column":4},"end":{"line":70,"column":60}},"32":{"start":{"line":71,"column":4},"end":{"line":71,"column":42}},"33":{"start":{"line":73,"column":4},"end":{"line":73,"column":57}},"34":{"start":{"line":75,"column":4},"end":{"line":75,"column":24}},"35":{"start":{"line":76,"column":4},"end":{"line":76,"column":37}},"36":{"start":{"line":77,"column":4},"end":{"line":77,"column":37}},"37":{"start":{"line":78,"column":4},"end":{"line":78,"column":37}},"38":{"start":{"line":79,"column":4},"end":{"line":79,"column":24}},"39":{"start":{"line":81,"column":4},"end":{"line":81,"column":26}},"40":{"start":{"line":82,"column":4},"end":{"line":82,"column":48}},"41":{"start":{"line":83,"column":4},"end":{"line":83,"column":21}},"42":{"start":{"line":85,"column":4},"end":{"line":85,"column":44}},"43":{"start":{"line":86,"column":4},"end":{"line":86,"column":19}},"44":{"start":{"line":89,"column":0},"end":{"line":89,"column":26}}},"branchMap":{"1":{"line":8,"type":"if","locations":[{"start":{"line":8,"column":4},"end":{"line":8,"column":4}},{"start":{"line":8,"column":4},"end":{"line":8,"column":4}}]},"2":{"line":34,"type":"if","locations":[{"start":{"line":34,"column":4},"end":{"line":34,"column":4}},{"start":{"line":34,"column":4},"end":{"line":34,"column":4}}]},"3":{"line":34,"type":"binary-expr","locations":[{"start":{"line":34,"column":8},"end":{"line":34,"column":41}},{"start":{"line":34,"column":45},"end":{"line":34,"column":78}},{"start":{"line":35,"column":8},"end":{"line":35,"column":41}},{"start":{"line":35,"column":45},"end":{"line":35,"column":78}},{"start":{"line":36,"column":8},"end":{"line":36,"column":41}},{"start":{"line":36,"column":45},"end":{"line":36,"column":78}}]},"4":{"line":40,"type":"if","locations":[{"start":{"line":40,"column":4},"end":{"line":40,"column":4}},{"start":{"line":40,"column":4},"end":{"line":40,"column":4}}]},"5":{"line":40,"type":"binary-expr","locations":[{"start":{"line":40,"column":8},"end":{"line":40,"column":26}},{"start":{"line":40,"column":30},"end":{"line":40,"column":48}},{"start":{"line":41,"column":8},"end":{"line":41,"column":26}},{"start":{"line":41,"column":30},"end":{"line":41,"column":48}},{"start":{"line":42,"column":8},"end":{"line":42,"column":26}},{"start":{"line":42,"column":30},"end":{"line":42,"column":48}}]}}}}