TN:
SF:/Users/lull/GitHub/quality-control/lw3/shapes/src/js/shapes/circle.js
FN:5,Circle
FN:26,(anonymous_2)
FN:36,(anonymous_3)
FN:40,(anonymous_4)
FN:44,(anonymous_5)
FNF:5
FNH:4
FNDA:8,Circle
FNDA:6,(anonymous_2)
FNDA:2,(anonymous_3)
FNDA:2,(anonymous_4)
FNDA:0,(anonymous_5)
DA:3,1
DA:5,1
DA:6,8
DA:8,6
DA:9,2
DA:16,6
DA:18,4
DA:19,4
DA:20,4
DA:23,1
DA:24,1
DA:26,1
DA:27,6
DA:29,1
DA:31,5
DA:32,1
DA:36,1
DA:37,2
DA:40,1
DA:41,2
DA:44,1
DA:45,0
DA:47,0
DA:48,0
DA:50,0
DA:51,0
DA:52,0
DA:53,0
DA:54,0
DA:55,0
DA:56,0
DA:57,0
DA:60,1
LF:33
LH:22
BRDA:8,1,0,2
BRDA:8,1,1,4
BRDA:27,2,0,1
BRDA:27,2,1,5
BRDA:27,3,0,6
BRDA:27,3,1,5
BRDA:27,3,2,5
BRDA:31,4,0,1
BRDA:31,4,1,4
BRDA:31,5,0,5
BRDA:31,5,1,4
BRDA:31,5,2,4
BRF:12
BRH:12
end_of_record
TN:
SF:/Users/lull/GitHub/quality-control/lw3/shapes/src/js/shapes/shape.js
FN:3,Shape
FN:16,(anonymous_2)
FN:26,(anonymous_3)
FN:31,(anonymous_4)
FN:35,(anonymous_5)
FN:39,(anonymous_6)
FN:43,(anonymous_7)
FNF:7
FNH:7
FNDA:24,Shape
FNDA:24,(anonymous_2)
FNDA:39,(anonymous_3)
FNDA:18,(anonymous_4)
FNDA:5,(anonymous_5)
FNDA:18,(anonymous_6)
FNDA:5,(anonymous_7)
DA:3,1
DA:4,24
DA:5,3
DA:11,24
DA:12,18
DA:13,18
DA:16,1
DA:17,24
DA:18,3
DA:21,21
DA:22,3
DA:26,1
DA:27,39
DA:28,39
DA:31,1
DA:32,18
DA:35,1
DA:36,5
DA:39,1
DA:40,18
DA:43,1
DA:44,5
DA:47,1
LF:23
LH:23
BRDA:4,1,0,3
BRDA:4,1,1,21
BRDA:17,2,0,3
BRDA:17,2,1,21
BRDA:17,3,0,24
BRDA:17,3,1,21
BRDA:21,4,0,3
BRDA:21,4,1,18
BRDA:21,5,0,21
BRDA:21,5,1,18
BRF:10
BRH:10
end_of_record
TN:
SF:/Users/lull/GitHub/quality-control/lw3/shapes/src/js/shapes/rectangle.js
FN:5,Rectangle
FN:29,(anonymous_2)
FN:40,(anonymous_3)
FN:44,(anonymous_4)
FN:49,(anonymous_5)
FN:54,(anonymous_6)
FNF:6
FNH:5
FNDA:8,Rectangle
FNDA:6,(anonymous_2)
FNDA:6,(anonymous_3)
FNDA:2,(anonymous_4)
FNDA:2,(anonymous_5)
FNDA:0,(anonymous_6)
DA:3,1
DA:5,1
DA:6,8
DA:8,6
DA:9,2
DA:17,6
DA:19,4
DA:20,4
DA:21,4
DA:22,4
DA:25,1
DA:26,1
DA:29,1
DA:30,6
DA:32,1
DA:34,5
DA:36,1
DA:40,1
DA:41,6
DA:44,1
DA:45,2
DA:46,2
DA:49,1
DA:50,2
DA:51,2
DA:54,1
DA:56,0
DA:58,0
DA:59,0
DA:61,0
DA:63,0
DA:65,0
DA:66,0
DA:67,0
DA:68,0
DA:70,0
DA:71,0
DA:74,1
LF:38
LH:27
BRDA:8,1,0,2
BRDA:8,1,1,4
BRDA:30,2,0,1
BRDA:30,2,1,5
BRDA:30,3,0,6
BRDA:30,3,1,5
BRDA:30,3,2,5
BRDA:30,3,3,5
BRDA:34,4,0,1
BRDA:34,4,1,4
BRDA:34,5,0,5
BRDA:34,5,1,4
BRDA:34,5,2,4
BRDA:34,5,3,4
BRF:14
BRH:14
end_of_record
TN:
SF:/Users/lull/GitHub/quality-control/lw3/shapes/src/js/shapes/shapes.spec.js
FN:189,(anonymous_1)
FN:196,(anonymous_2)
FN:201,(anonymous_3)
FN:206,(anonymous_4)
FN:291,(anonymous_5)
FN:298,(anonymous_6)
FN:303,(anonymous_7)
FN:308,(anonymous_8)
FNF:8
FNH:8
FNDA:1,(anonymous_1)
FNDA:1,(anonymous_2)
FNDA:1,(anonymous_3)
FNDA:1,(anonymous_4)
FNDA:1,(anonymous_5)
FNDA:1,(anonymous_6)
FNDA:1,(anonymous_7)
FNDA:1,(anonymous_8)
DA:3,1
DA:4,1
DA:5,1
DA:7,1
DA:9,1
DA:11,1
DA:13,1
DA:14,1
DA:21,1
DA:22,1
DA:29,1
DA:30,1
DA:37,1
DA:38,1
DA:45,1
DA:46,1
DA:58,1
DA:60,1
DA:62,1
DA:63,1
DA:64,1
DA:65,1
DA:66,1
DA:69,1
DA:71,1
DA:80,1
DA:81,1
DA:82,1
DA:83,1
DA:84,1
DA:89,1
DA:91,1
DA:100,1
DA:101,1
DA:102,1
DA:105,1
DA:106,1
DA:107,1
DA:115,1
DA:117,1
DA:119,1
DA:121,1
DA:122,1
DA:129,1
DA:130,1
DA:137,1
DA:138,1
DA:145,1
DA:146,1
DA:153,1
DA:154,1
DA:162,1
DA:164,1
DA:165,1
DA:166,1
DA:167,1
DA:168,1
DA:169,1
DA:170,1
DA:173,1
DA:175,1
DA:179,1
DA:180,1
DA:181,1
DA:182,1
DA:183,1
DA:184,1
DA:189,1
DA:191,1
DA:196,1
DA:197,1
DA:198,1
DA:201,1
DA:202,1
DA:203,1
DA:206,1
DA:207,1
DA:208,1
DA:213,1
DA:215,1
DA:217,1
DA:219,1
DA:220,1
DA:227,1
DA:228,1
DA:235,1
DA:236,1
DA:243,1
DA:244,1
DA:251,1
DA:252,1
DA:260,1
DA:261,1
DA:262,1
DA:263,1
DA:264,1
DA:265,1
DA:266,1
DA:267,1
DA:268,1
DA:269,1
DA:272,1
DA:274,1
DA:279,1
DA:280,1
DA:281,1
DA:282,1
DA:283,1
DA:284,1
DA:285,1
DA:286,1
DA:291,1
DA:293,1
DA:298,1
DA:299,1
DA:300,1
DA:303,1
DA:304,1
DA:305,1
DA:308,1
DA:309,1
DA:310,1
LF:122
LH:122
BRF:0
BRH:0
end_of_record
TN:
SF:/Users/lull/GitHub/quality-control/lw3/shapes/src/js/shapes/triangle.js
FN:5,Triangle
FN:33,(anonymous_2)
FN:47,(anonymous_3)
FN:55,(anonymous_4)
FN:61,(anonymous_5)
FN:66,(anonymous_6)
FNF:6
FNH:5
FNDA:8,Triangle
FNDA:6,(anonymous_2)
FNDA:8,(anonymous_3)
FNDA:2,(anonymous_4)
FNDA:4,(anonymous_5)
FNDA:0,(anonymous_6)
DA:3,1
DA:5,1
DA:6,8
DA:8,6
DA:9,2
DA:19,6
DA:21,4
DA:22,4
DA:23,4
DA:24,4
DA:25,4
DA:26,4
DA:29,1
DA:30,1
DA:33,1
DA:34,6
DA:37,1
DA:40,5
DA:43,1
DA:47,1
DA:48,8
DA:55,1
DA:56,2
DA:57,2
DA:58,2
DA:61,1
DA:62,4
DA:63,4
DA:66,1
DA:68,0
DA:70,0
DA:71,0
DA:73,0
DA:75,0
DA:76,0
DA:77,0
DA:78,0
DA:79,0
DA:81,0
DA:82,0
DA:83,0
DA:85,0
DA:86,0
DA:89,1
LF:44
LH:30
BRDA:8,1,0,2
BRDA:8,1,1,4
BRDA:34,2,0,1
BRDA:34,2,1,5
BRDA:34,3,0,6
BRDA:34,3,1,5
BRDA:34,3,2,5
BRDA:34,3,3,5
BRDA:34,3,4,5
BRDA:34,3,5,5
BRDA:40,4,0,1
BRDA:40,4,1,4
BRDA:40,5,0,5
BRDA:40,5,1,4
BRDA:40,5,2,4
BRDA:40,5,3,4
BRDA:40,5,4,4
BRDA:40,5,5,4
BRF:18
BRH:18
end_of_record
