TN:
SF:/Users/lull/GitHub/quality-control/lw3/shapes/src/js/shapes/circle.js
FN:5,Circle
FN:26,(anonymous_2)
FN:37,(anonymous_3)
FN:41,(anonymous_4)
FN:45,(anonymous_5)
FNF:5
FNH:4
FNDA:7,Circle
FNDA:5,(anonymous_2)
FNDA:2,(anonymous_3)
FNDA:2,(anonymous_4)
FNDA:0,(anonymous_5)
DA:3,1
DA:5,1
DA:6,7
DA:8,5
DA:9,2
DA:16,5
DA:18,4
DA:19,4
DA:20,4
DA:23,1
DA:24,1
DA:26,1
DA:27,5
DA:29,0
DA:32,5
DA:33,1
DA:37,1
DA:38,2
DA:41,1
DA:42,2
DA:45,1
DA:46,0
DA:48,0
DA:49,0
DA:51,0
DA:52,0
DA:53,0
DA:54,0
DA:55,0
DA:56,0
DA:57,0
DA:58,0
DA:61,1
LF:33
LH:21
BRDA:8,1,0,2
BRDA:8,1,1,3
BRDA:27,2,0,0
BRDA:27,2,1,5
BRDA:27,3,0,5
BRDA:27,3,1,5
BRDA:27,3,2,5
BRDA:32,4,0,1
BRDA:32,4,1,4
BRDA:32,5,0,5
BRDA:32,5,1,4
BRDA:32,5,2,4
BRF:12
BRH:11
end_of_record
TN:
SF:/Users/lull/GitHub/quality-control/lw3/shapes/src/js/shapes/shape.js
FN:3,Shape
FN:16,(anonymous_2)
FN:26,(anonymous_3)
FN:31,(anonymous_4)
FN:36,(anonymous_5)
FN:40,(anonymous_6)
FN:45,(anonymous_7)
FNF:7
FNH:5
FNDA:7,Shape
FNDA:7,(anonymous_2)
FNDA:11,(anonymous_3)
FNDA:5,(anonymous_4)
FNDA:0,(anonymous_5)
FNDA:5,(anonymous_6)
FNDA:0,(anonymous_7)
DA:3,1
DA:4,7
DA:5,1
DA:11,7
DA:12,5
DA:13,5
DA:16,1
DA:17,7
DA:18,1
DA:21,6
DA:22,1
DA:26,1
DA:27,11
DA:28,11
DA:31,1
DA:32,5
DA:36,1
DA:37,0
DA:40,1
DA:41,5
DA:45,1
DA:46,0
DA:49,1
LF:23
LH:21
BRDA:4,1,0,1
BRDA:4,1,1,6
BRDA:17,2,0,1
BRDA:17,2,1,6
BRDA:17,3,0,7
BRDA:17,3,1,6
BRDA:21,4,0,1
BRDA:21,4,1,5
BRDA:21,5,0,6
BRDA:21,5,1,5
BRDA:32,6,0,5
BRDA:32,6,1,0
BRDA:41,7,0,5
BRDA:41,7,1,0
BRF:14
BRH:12
end_of_record
TN:
SF:/Users/lull/GitHub/quality-control/lw3/shapes/src/js/shapes/rectangle.js
FN:5,Rectangle
FN:29,(anonymous_2)
FN:41,(anonymous_3)
FN:45,(anonymous_4)
FN:50,(anonymous_5)
FN:55,(anonymous_6)
FNF:6
FNH:0
FNDA:0,Rectangle
FNDA:0,(anonymous_2)
FNDA:0,(anonymous_3)
FNDA:0,(anonymous_4)
FNDA:0,(anonymous_5)
FNDA:0,(anonymous_6)
DA:3,1
DA:5,1
DA:6,0
DA:8,0
DA:9,0
DA:17,0
DA:19,0
DA:20,0
DA:21,0
DA:22,0
DA:25,1
DA:26,1
DA:29,1
DA:30,0
DA:32,0
DA:35,0
DA:37,0
DA:41,1
DA:42,0
DA:45,1
DA:46,0
DA:47,0
DA:50,1
DA:51,0
DA:52,0
DA:55,1
DA:57,0
DA:59,0
DA:60,0
DA:62,0
DA:64,0
DA:66,0
DA:67,0
DA:68,0
DA:69,0
DA:71,0
DA:72,0
DA:75,1
LF:38
LH:10
BRDA:8,1,0,0
BRDA:8,1,1,0
BRDA:30,2,0,0
BRDA:30,2,1,0
BRDA:30,3,0,0
BRDA:30,3,1,0
BRDA:30,3,2,0
BRDA:30,3,3,0
BRDA:35,4,0,0
BRDA:35,4,1,0
BRDA:35,5,0,0
BRDA:35,5,1,0
BRDA:35,5,2,0
BRDA:35,5,3,0
BRF:14
BRH:0
end_of_record
TN:
SF:/Users/lull/GitHub/quality-control/lw3/shapes/src/js/shapes/shapes.spec.js
FNF:0
FNH:0
DA:3,1
DA:10,1
DA:12,1
DA:14,1
DA:16,1
DA:17,1
DA:24,1
DA:25,1
DA:32,1
DA:33,1
DA:40,1
DA:41,1
DA:53,1
DA:55,1
DA:57,1
DA:58,1
DA:59,1
DA:60,1
DA:61,1
DA:64,1
DA:66,1
DA:75,1
DA:76,1
DA:77,1
DA:78,1
DA:79,1
DA:84,1
DA:86,1
DA:95,1
DA:96,1
DA:97,1
DA:100,1
DA:101,1
DA:102,1
LF:34
LH:34
BRF:0
BRH:0
end_of_record
TN:
SF:/Users/lull/GitHub/quality-control/lw3/shapes/src/js/shapes/triangle.js
FN:5,Triangle
FN:33,(anonymous_2)
FN:47,(anonymous_3)
FN:55,(anonymous_4)
FN:61,(anonymous_5)
FN:66,(anonymous_6)
FNF:6
FNH:0
FNDA:0,Triangle
FNDA:0,(anonymous_2)
FNDA:0,(anonymous_3)
FNDA:0,(anonymous_4)
FNDA:0,(anonymous_5)
FNDA:0,(anonymous_6)
DA:3,1
DA:5,1
DA:6,0
DA:8,0
DA:9,0
DA:19,0
DA:21,0
DA:22,0
DA:23,0
DA:24,0
DA:25,0
DA:26,0
DA:29,1
DA:30,1
DA:33,1
DA:34,0
DA:37,0
DA:40,0
DA:43,0
DA:47,1
DA:48,0
DA:55,1
DA:56,0
DA:57,0
DA:58,0
DA:61,1
DA:62,0
DA:63,0
DA:66,1
DA:68,0
DA:70,0
DA:71,0
DA:73,0
DA:75,0
DA:76,0
DA:77,0
DA:78,0
DA:79,0
DA:81,0
DA:82,0
DA:83,0
DA:85,0
DA:86,0
DA:89,1
LF:44
LH:10
BRDA:8,1,0,0
BRDA:8,1,1,0
BRDA:34,2,0,0
BRDA:34,2,1,0
BRDA:34,3,0,0
BRDA:34,3,1,0
BRDA:34,3,2,0
BRDA:34,3,3,0
BRDA:34,3,4,0
BRDA:34,3,5,0
BRDA:40,4,0,0
BRDA:40,4,1,0
BRDA:40,5,0,0
BRDA:40,5,1,0
BRDA:40,5,2,0
BRDA:40,5,3,0
BRDA:40,5,4,0
BRDA:40,5,5,0
BRF:18
BRH:0
end_of_record
